2017-08-02 13:06:51,078 - root - INFO - sheet名称:Sheet1
2017-08-02 13:06:51,078 - root - INFO - -------------- Execute TestCases ---------------
2017-08-02 13:06:53,812 - root - INFO - -------------- Get the result ------------ True

2017-08-02 13:06:53,818 - root - INFO - sheet名称:Sheet2
2017-08-02 13:06:53,818 - root - INFO - -------------- Execute TestCases ---------------
2017-08-02 13:06:55,503 - root - INFO - Number 3
2017-08-02 13:06:55,503 - root - INFO - FailCase 456.0
2017-08-02 13:06:55,503 - root - INFO - FailureInfo
2017-08-02 13:06:55,506 - root - INFO - 
+--------+--------+-------------------------------------------+---------------------------------------------------------------------------------------------------------------------------------------------------------------------------------------------------------------------+------------+------------+----------------------------------------------------------------------------------------------------------------------------------------------+---------------------------------------------------------------------+
| Number | Method |                    Url                    |                                                                                                         Data                                                                                                        | ActualCode | ExpectCode |                                                                  testAcual                                                                   |                              testExcept                             |
+--------+--------+-------------------------------------------+---------------------------------------------------------------------------------------------------------------------------------------------------------------------------------------------------------------------+------------+------------+----------------------------------------------------------------------------------------------------------------------------------------------+---------------------------------------------------------------------+
|   3    |  post  | http://api.eyekey.com/face/Check/checking | {u'url': u'https://ss3.bdstatic.com/70cFv8Sh_Q1YnxGkpoWK1HF6hhy/it/u=3216243903,2266890130%26fm/=117%26gp/=0.jpg', u'app_id': u'f89ae61fd63d4a63842277e9144a6bd2', u'app_key': u'af1cd33549c54b27ae24aeb041865da2'} |    200     |    300     | {u'message': u'\u672a\u77e5\u6216\u4e0d\u652f\u6301\u7684\u56fe\u7247\u683c\u5f0f', u'img_height': 0, u'img_width': 0, u'res_code': u'1084'} | {u'img_height': u'220', u'img_width': u'146', u'res_code': u'0000'} |
+--------+--------+-------------------------------------------+---------------------------------------------------------------------------------------------------------------------------------------------------------------------------------------------------------------------+------------+------------+----------------------------------------------------------------------------------------------------------------------------------------------+---------------------------------------------------------------------+
2017-08-02 13:06:56,253 - root - INFO - Number 4
2017-08-02 13:06:56,253 - root - INFO - FailCase 456.0
2017-08-02 13:06:56,253 - root - INFO - FailureInfo
2017-08-02 13:06:56,257 - root - INFO - 
+--------+--------+-------------------------------------------+---------------------------------------------------------------------------------------------------------------------------------------------------------------------------------------------------------------------+------------+------------+----------------------------------------------------------------------------------------------------------------------------------------------+---------------------------------------------------------------------+
| Number | Method |                    Url                    |                                                                                                         Data                                                                                                        | ActualCode | ExpectCode |                                                                  testAcual                                                                   |                              testExcept                             |
+--------+--------+-------------------------------------------+---------------------------------------------------------------------------------------------------------------------------------------------------------------------------------------------------------------------+------------+------------+----------------------------------------------------------------------------------------------------------------------------------------------+---------------------------------------------------------------------+
|   4    |  post  | http://api.eyekey.com/face/Check/checking | {u'url': u'https://ss3.bdstatic.com/70cFv8Sh_Q1YnxGkpoWK1HF6hhy/it/u=3216243903,2266890130%26fm/=117%26gp/=0.jpg', u'app_id': u'f89ae61fd63d4a63842277e9144a6bd2', u'app_key': u'af1cd33549c54b27ae24aeb041865da2'} |    200     |    300     | {u'message': u'\u672a\u77e5\u6216\u4e0d\u652f\u6301\u7684\u56fe\u7247\u683c\u5f0f', u'img_height': 0, u'img_width': 0, u'res_code': u'1084'} | {u'img_height': u'220', u'img_width': u'146', u'res_code': u'0000'} |
+--------+--------+-------------------------------------------+---------------------------------------------------------------------------------------------------------------------------------------------------------------------------------------------------------------------+------------+------------+----------------------------------------------------------------------------------------------------------------------------------------------+---------------------------------------------------------------------+
2017-08-02 13:06:59,410 - root - INFO - Number 5
2017-08-02 13:06:59,410 - root - INFO - FailCase 456.0
2017-08-02 13:06:59,410 - root - INFO - FailureInfo
2017-08-02 13:06:59,413 - root - INFO - 
+--------+--------+-------------------------------------------+---------------------------------------------------------------------------------------------------------------------------------------------------------------------------------------------------------------------+------------+------------+----------------------------------------------------------------------------------------------------------------------------------------------+---------------------------------------------------------------------+
| Number | Method |                    Url                    |                                                                                                         Data                                                                                                        | ActualCode | ExpectCode |                                                                  testAcual                                                                   |                              testExcept                             |
+--------+--------+-------------------------------------------+---------------------------------------------------------------------------------------------------------------------------------------------------------------------------------------------------------------------+------------+------------+----------------------------------------------------------------------------------------------------------------------------------------------+---------------------------------------------------------------------+
|   5    |  post  | http://api.eyekey.com/face/Check/checking | {u'url': u'https://ss3.bdstatic.com/70cFv8Sh_Q1YnxGkpoWK1HF6hhy/it/u=3216243903,2266890130%26fm/=117%26gp/=0.jpg', u'app_id': u'f89ae61fd63d4a63842277e9144a6bd2', u'app_key': u'af1cd33549c54b27ae24aeb041865da2'} |    200     |    300     | {u'message': u'\u672a\u77e5\u6216\u4e0d\u652f\u6301\u7684\u56fe\u7247\u683c\u5f0f', u'img_height': 0, u'img_width': 0, u'res_code': u'1084'} | {u'img_height': u'220', u'img_width': u'146', u'res_code': u'0000'} |
+--------+--------+-------------------------------------------+---------------------------------------------------------------------------------------------------------------------------------------------------------------------------------------------------------------------+------------+------------+----------------------------------------------------------------------------------------------------------------------------------------------+---------------------------------------------------------------------+
2017-08-02 13:07:00,016 - root - INFO - Number 6
2017-08-02 13:07:00,016 - root - INFO - FailCase 456.0
2017-08-02 13:07:00,016 - root - INFO - FailureInfo
2017-08-02 13:07:00,017 - root - INFO - 
+--------+--------+-------------------------------------------+---------------------------------------------------------------------------------------------------------------------------------------------------------------------------------------------------------------------+------------+------------+----------------------------------------------------------------------------------------------------------------------------------------------+---------------------------------------------------------------------+
| Number | Method |                    Url                    |                                                                                                         Data                                                                                                        | ActualCode | ExpectCode |                                                                  testAcual                                                                   |                              testExcept                             |
+--------+--------+-------------------------------------------+---------------------------------------------------------------------------------------------------------------------------------------------------------------------------------------------------------------------+------------+------------+----------------------------------------------------------------------------------------------------------------------------------------------+---------------------------------------------------------------------+
|   6    |  post  | http://api.eyekey.com/face/Check/checking | {u'url': u'https://ss3.bdstatic.com/70cFv8Sh_Q1YnxGkpoWK1HF6hhy/it/u=3216243903,2266890130%26fm/=117%26gp/=0.jpg', u'app_id': u'f89ae61fd63d4a63842277e9144a6bd2', u'app_key': u'af1cd33549c54b27ae24aeb041865da2'} |    200     |    300     | {u'message': u'\u672a\u77e5\u6216\u4e0d\u652f\u6301\u7684\u56fe\u7247\u683c\u5f0f', u'img_height': 0, u'img_width': 0, u'res_code': u'1084'} | {u'img_height': u'220', u'img_width': u'146', u'res_code': u'0000'} |
+--------+--------+-------------------------------------------+---------------------------------------------------------------------------------------------------------------------------------------------------------------------------------------------------------------------+------------+------------+----------------------------------------------------------------------------------------------------------------------------------------------+---------------------------------------------------------------------+
2017-08-02 13:07:00,020 - root - INFO - -------------- Get the result ------------ False

