2017-07-28 18:08:45,390 - root - INFO - sheet名称:Sheet1
2017-07-28 18:08:45,391 - root - INFO - -------------- Execute TestCases ---------------
2017-07-28 18:08:45,614 - root - INFO - Number 1
2017-07-28 18:08:45,614 - root - INFO - TrueCase 123.0
2017-07-28 18:08:45,865 - root - INFO - Number 2
2017-07-28 18:08:45,865 - root - INFO - TrueCase 456.0
2017-07-28 18:08:46,069 - root - INFO - Number 3
2017-07-28 18:08:46,069 - root - INFO - FailCase 456.0
2017-07-28 18:08:46,069 - root - INFO - FailureInfo
2017-07-28 18:08:46,071 - root - INFO - 
+--------+--------+-------------------------------------------+---------------------------------------------------------------------------------------------------------------------------------------------------------------------------------------------------------------------+------------+------------+
| Number | Method |                    Url                    |                                                                                                         Data                                                                                                        | ActualCode | ExpectCode |
+--------+--------+-------------------------------------------+---------------------------------------------------------------------------------------------------------------------------------------------------------------------------------------------------------------------+------------+------------+
|   3    |  post  | http://api.eyekey.com/face/Check/checking | {u'url': u'https://ss3.bdstatic.com/70cFv8Sh_Q1YnxGkpoWK1HF6hhy/it/u=3216243903,2266890130%26fm/=117%26gp/=0.jpg', u'app_id': u'f89ae61fd63d4a63842277e9144a6bd2', u'app_key': u'af1cd33549c54b27ae24aeb041865da2'} |    200     |    300     |
+--------+--------+-------------------------------------------+---------------------------------------------------------------------------------------------------------------------------------------------------------------------------------------------------------------------+------------+------------+
2017-07-28 18:08:46,075 - root - INFO - -------------- Get the result ------------ False

2017-07-28 18:08:46,075 - root - INFO - sheet名称:Sheet2
2017-07-28 18:08:46,075 - root - INFO - -------------- Execute TestCases ---------------
2017-07-28 18:08:46,161 - root - INFO - Number 1
2017-07-28 18:08:46,161 - root - INFO - TrueCase 123.0
2017-07-28 18:08:46,430 - root - INFO - Number 2
2017-07-28 18:08:46,430 - root - INFO - TrueCase 456.0
2017-07-28 18:08:46,648 - root - INFO - Number 3
2017-07-28 18:08:46,650 - root - INFO - FailCase 456.0
2017-07-28 18:08:46,650 - root - INFO - FailureInfo
2017-07-28 18:08:46,651 - root - INFO - 
+--------+--------+-------------------------------------------+---------------------------------------------------------------------------------------------------------------------------------------------------------------------------------------------------------------------+------------+------------+
| Number | Method |                    Url                    |                                                                                                         Data                                                                                                        | ActualCode | ExpectCode |
+--------+--------+-------------------------------------------+---------------------------------------------------------------------------------------------------------------------------------------------------------------------------------------------------------------------+------------+------------+
|   3    |  post  | http://api.eyekey.com/face/Check/checking | {u'url': u'https://ss3.bdstatic.com/70cFv8Sh_Q1YnxGkpoWK1HF6hhy/it/u=3216243903,2266890130%26fm/=117%26gp/=0.jpg', u'app_id': u'f89ae61fd63d4a63842277e9144a6bd2', u'app_key': u'af1cd33549c54b27ae24aeb041865da2'} |    200     |    300     |
+--------+--------+-------------------------------------------+---------------------------------------------------------------------------------------------------------------------------------------------------------------------------------------------------------------------+------------+------------+
2017-07-28 18:08:46,835 - root - INFO - Number 4
2017-07-28 18:08:46,836 - root - INFO - FailCase 456.0
2017-07-28 18:08:46,836 - root - INFO - FailureInfo
2017-07-28 18:08:46,838 - root - INFO - 
+--------+--------+-------------------------------------------+---------------------------------------------------------------------------------------------------------------------------------------------------------------------------------------------------------------------+------------+------------+
| Number | Method |                    Url                    |                                                                                                         Data                                                                                                        | ActualCode | ExpectCode |
+--------+--------+-------------------------------------------+---------------------------------------------------------------------------------------------------------------------------------------------------------------------------------------------------------------------+------------+------------+
|   4    |  post  | http://api.eyekey.com/face/Check/checking | {u'url': u'https://ss3.bdstatic.com/70cFv8Sh_Q1YnxGkpoWK1HF6hhy/it/u=3216243903,2266890130%26fm/=117%26gp/=0.jpg', u'app_id': u'f89ae61fd63d4a63842277e9144a6bd2', u'app_key': u'af1cd33549c54b27ae24aeb041865da2'} |    200     |    300     |
+--------+--------+-------------------------------------------+---------------------------------------------------------------------------------------------------------------------------------------------------------------------------------------------------------------------+------------+------------+
2017-07-28 18:08:47,036 - root - INFO - Number 5
2017-07-28 18:08:47,036 - root - INFO - FailCase 456.0
2017-07-28 18:08:47,036 - root - INFO - FailureInfo
2017-07-28 18:08:47,038 - root - INFO - 
+--------+--------+-------------------------------------------+---------------------------------------------------------------------------------------------------------------------------------------------------------------------------------------------------------------------+------------+------------+
| Number | Method |                    Url                    |                                                                                                         Data                                                                                                        | ActualCode | ExpectCode |
+--------+--------+-------------------------------------------+---------------------------------------------------------------------------------------------------------------------------------------------------------------------------------------------------------------------+------------+------------+
|   5    |  post  | http://api.eyekey.com/face/Check/checking | {u'url': u'https://ss3.bdstatic.com/70cFv8Sh_Q1YnxGkpoWK1HF6hhy/it/u=3216243903,2266890130%26fm/=117%26gp/=0.jpg', u'app_id': u'f89ae61fd63d4a63842277e9144a6bd2', u'app_key': u'af1cd33549c54b27ae24aeb041865da2'} |    200     |    300     |
+--------+--------+-------------------------------------------+---------------------------------------------------------------------------------------------------------------------------------------------------------------------------------------------------------------------+------------+------------+
2017-07-28 18:08:47,244 - root - INFO - Number 6
2017-07-28 18:08:47,244 - root - INFO - FailCase 456.0
2017-07-28 18:08:47,244 - root - INFO - FailureInfo
2017-07-28 18:08:47,246 - root - INFO - 
+--------+--------+-------------------------------------------+---------------------------------------------------------------------------------------------------------------------------------------------------------------------------------------------------------------------+------------+------------+
| Number | Method |                    Url                    |                                                                                                         Data                                                                                                        | ActualCode | ExpectCode |
+--------+--------+-------------------------------------------+---------------------------------------------------------------------------------------------------------------------------------------------------------------------------------------------------------------------+------------+------------+
|   6    |  post  | http://api.eyekey.com/face/Check/checking | {u'url': u'https://ss3.bdstatic.com/70cFv8Sh_Q1YnxGkpoWK1HF6hhy/it/u=3216243903,2266890130%26fm/=117%26gp/=0.jpg', u'app_id': u'f89ae61fd63d4a63842277e9144a6bd2', u'app_key': u'af1cd33549c54b27ae24aeb041865da2'} |    200     |    300     |
+--------+--------+-------------------------------------------+---------------------------------------------------------------------------------------------------------------------------------------------------------------------------------------------------------------------+------------+------------+
2017-07-28 18:08:47,249 - root - INFO - -------------- Get the result ------------ False

