2017-08-03 13:59:41,184 - root - INFO - sheet名称:Sheet1
2017-08-03 13:59:41,184 - root - INFO - -------------- Execute TestCases ---------------
2017-08-03 13:59:42,668 - root - INFO - -------------- Get the result ------------ True

2017-08-03 13:59:42,670 - root - INFO - sheet名称:Sheet2
2017-08-03 13:59:42,670 - root - INFO - -------------- Execute TestCases ---------------
2017-08-03 13:59:43,701 - root - INFO - Number 3
2017-08-03 13:59:43,703 - root - INFO - FailCase 456.0
2017-08-03 13:59:43,703 - root - INFO - FailureInfo
2017-08-03 13:59:43,706 - root - INFO - 
+--------+--------+-------------------------------------------+---------------------------------------------------------------------------------------------------------------------------------------------------------------------------------------------------------------+------------+------------+---------------------------------------------------------------+----------------------------------------------------------------------------------------------------------------------------------------+
| Number | Method |                    Url                    |                                                                                                      Data                                                                                                     | ExpectCode | ActualCode |                           testExcept                          |                                                               testAcual                                                                |
+--------+--------+-------------------------------------------+---------------------------------------------------------------------------------------------------------------------------------------------------------------------------------------------------------------+------------+------------+---------------------------------------------------------------+----------------------------------------------------------------------------------------------------------------------------------------+
|   3    |  post  | http://api.eyekey.com/face/Check/checking | {"url": "https://ss3.bdstatic.com/70cFv8Sh_Q1YnxGkpoWK1HF6hhy/it/u=3216243903,2266890130%26fm/=117%26gp/=0.jpg", "app_id": "f89ae61fd63d4a63842277e9144a6bd2", "app_key": "af1cd33549c54b27ae24aeb041865da2"} |    300     |    200     | {"img_height": "220", "img_width": "146", "res_code": "0000"} | {"message": "\u672a\u77e5\u6216\u4e0d\u652f\u6301\u7684\u56fe\u7247\u683c\u5f0f", "img_height": 0, "img_width": 0, "res_code": "1084"} |
+--------+--------+-------------------------------------------+---------------------------------------------------------------------------------------------------------------------------------------------------------------------------------------------------------------+------------+------------+---------------------------------------------------------------+----------------------------------------------------------------------------------------------------------------------------------------+
2017-08-03 13:59:44,193 - root - INFO - Number 4
2017-08-03 13:59:44,193 - root - INFO - FailCase 456.0
2017-08-03 13:59:44,194 - root - INFO - FailureInfo
2017-08-03 13:59:44,197 - root - INFO - 
+--------+--------+-------------------------------------------+---------------------------------------------------------------------------------------------------------------------------------------------------------------------------------------------------------------+------------+------------+---------------------------------------------------------------+----------------------------------------------------------------------------------------------------------------------------------------+
| Number | Method |                    Url                    |                                                                                                      Data                                                                                                     | ExpectCode | ActualCode |                           testExcept                          |                                                               testAcual                                                                |
+--------+--------+-------------------------------------------+---------------------------------------------------------------------------------------------------------------------------------------------------------------------------------------------------------------+------------+------------+---------------------------------------------------------------+----------------------------------------------------------------------------------------------------------------------------------------+
|   4    |  post  | http://api.eyekey.com/face/Check/checking | {"url": "https://ss3.bdstatic.com/70cFv8Sh_Q1YnxGkpoWK1HF6hhy/it/u=3216243903,2266890130%26fm/=117%26gp/=0.jpg", "app_id": "f89ae61fd63d4a63842277e9144a6bd2", "app_key": "af1cd33549c54b27ae24aeb041865da2"} |    300     |    200     | {"img_height": "220", "img_width": "146", "res_code": "0000"} | {"message": "\u672a\u77e5\u6216\u4e0d\u652f\u6301\u7684\u56fe\u7247\u683c\u5f0f", "img_height": 0, "img_width": 0, "res_code": "1084"} |
+--------+--------+-------------------------------------------+---------------------------------------------------------------------------------------------------------------------------------------------------------------------------------------------------------------+------------+------------+---------------------------------------------------------------+----------------------------------------------------------------------------------------------------------------------------------------+
2017-08-03 13:59:44,667 - root - INFO - Number 5
2017-08-03 13:59:44,668 - root - INFO - FailCase 456.0
2017-08-03 13:59:44,668 - root - INFO - FailureInfo
2017-08-03 13:59:44,671 - root - INFO - 
+--------+--------+-------------------------------------------+---------------------------------------------------------------------------------------------------------------------------------------------------------------------------------------------------------------+------------+------------+---------------------------------------------------------------+----------------------------------------------------------------------------------------------------------------------------------------+
| Number | Method |                    Url                    |                                                                                                      Data                                                                                                     | ExpectCode | ActualCode |                           testExcept                          |                                                               testAcual                                                                |
+--------+--------+-------------------------------------------+---------------------------------------------------------------------------------------------------------------------------------------------------------------------------------------------------------------+------------+------------+---------------------------------------------------------------+----------------------------------------------------------------------------------------------------------------------------------------+
|   5    |  post  | http://api.eyekey.com/face/Check/checking | {"url": "https://ss3.bdstatic.com/70cFv8Sh_Q1YnxGkpoWK1HF6hhy/it/u=3216243903,2266890130%26fm/=117%26gp/=0.jpg", "app_id": "f89ae61fd63d4a63842277e9144a6bd2", "app_key": "af1cd33549c54b27ae24aeb041865da2"} |    300     |    200     | {"img_height": "220", "img_width": "146", "res_code": "0000"} | {"message": "\u672a\u77e5\u6216\u4e0d\u652f\u6301\u7684\u56fe\u7247\u683c\u5f0f", "img_height": 0, "img_width": 0, "res_code": "1084"} |
+--------+--------+-------------------------------------------+---------------------------------------------------------------------------------------------------------------------------------------------------------------------------------------------------------------+------------+------------+---------------------------------------------------------------+----------------------------------------------------------------------------------------------------------------------------------------+
2017-08-03 13:59:46,096 - root - INFO - Number 6
2017-08-03 13:59:46,096 - root - INFO - FailCase 456.0
2017-08-03 13:59:46,096 - root - INFO - FailureInfo
2017-08-03 13:59:46,099 - root - INFO - 
+--------+--------+-------------------------------------------+---------------------------------------------------------------------------------------------------------------------------------------------------------------------------------------------------------------+------------+------------+---------------------------------------------------------------+----------------------------------------------------------------------------------------------------------------------------------------+
| Number | Method |                    Url                    |                                                                                                      Data                                                                                                     | ExpectCode | ActualCode |                           testExcept                          |                                                               testAcual                                                                |
+--------+--------+-------------------------------------------+---------------------------------------------------------------------------------------------------------------------------------------------------------------------------------------------------------------+------------+------------+---------------------------------------------------------------+----------------------------------------------------------------------------------------------------------------------------------------+
|   6    |  post  | http://api.eyekey.com/face/Check/checking | {"url": "https://ss3.bdstatic.com/70cFv8Sh_Q1YnxGkpoWK1HF6hhy/it/u=3216243903,2266890130%26fm/=117%26gp/=0.jpg", "app_id": "f89ae61fd63d4a63842277e9144a6bd2", "app_key": "af1cd33549c54b27ae24aeb041865da2"} |    300     |    200     | {"img_height": "220", "img_width": "146", "res_code": "0000"} | {"message": "\u672a\u77e5\u6216\u4e0d\u652f\u6301\u7684\u56fe\u7247\u683c\u5f0f", "img_height": 0, "img_width": 0, "res_code": "1084"} |
+--------+--------+-------------------------------------------+---------------------------------------------------------------------------------------------------------------------------------------------------------------------------------------------------------------+------------+------------+---------------------------------------------------------------+----------------------------------------------------------------------------------------------------------------------------------------+
2017-08-03 13:59:46,102 - root - INFO - -------------- Get the result ------------ False

